0 info it worked if it ends with ok
1 verbose cli [ '/Users/MattPro/.nvm/v0.10.26/bin/node',
1 verbose cli   '/Users/MattPro/.nvm/v0.10.26/bin/npm',
1 verbose cli   'start' ]
2 info using npm@1.4.3
3 info using node@v0.10.26
4 verbose run-script [ 'prestart', 'start', 'poststart' ]
5 info prestart matt.is-react@0.0.0
6 info start matt.is-react@0.0.0
7 verbose unsafe-perm in lifecycle true
8 info matt.is-react@0.0.0 Failed to exec start script
9 error matt.is-react@0.0.0 start: `coffee server.coffee`
9 error Exit status 1
10 error Failed at the matt.is-react@0.0.0 start script.
10 error This is most likely a problem with the matt.is-react package,
10 error not with npm itself.
10 error Tell the author that this fails on your system:
10 error     coffee server.coffee
10 error You can get their info via:
10 error     npm owner ls matt.is-react
10 error There is likely additional logging output above.
11 error System Darwin 13.1.0
12 error command "/Users/MattPro/.nvm/v0.10.26/bin/node" "/Users/MattPro/.nvm/v0.10.26/bin/npm" "start"
13 error cwd /Users/MattPro/Dropbox/Sites/mattis/mreact
14 error node -v v0.10.26
15 error npm -v 1.4.3
16 error code ELIFECYCLE
17 verbose exit [ 1, true ]
